             1961         1962  ...         2015         2016
ISO3                            ...                          
AFG    8.3353e+06  8.47513e+06  ...  1.77804e+07  1.86297e+07
ALB   1.53518e+06  1.61181e+06  ...  7.03537e+06  7.27352e+06
DZA   1.01259e+07  1.05609e+07  ...  4.53872e+07  4.55807e+07
AGO   3.93433e+06  4.14829e+06  ...  1.93031e+07  2.05386e+07
ARG   7.26529e+07  7.63329e+07  ...  2.27499e+08  2.28316e+08
...           ...          ...  ...          ...          ...
VEN           NaN          NaN  ...          NaN          NaN
VNM   2.25567e+07  2.39454e+07  ...  1.63415e+08   1.6099e+08
YEM   1.97605e+06  2.01618e+06  ...   8.9193e+06  9.41888e+06
ZMB   1.56585e+06  1.55661e+06  ...  1.05579e+07  1.06043e+07
ZWE   3.37706e+06  3.55437e+06  ...  7.36086e+06  7.71901e+06

[162 rows x 56 columns]
2020-01-07 16:28:11.206294 : completed : Afghanistan
2020-01-07 16:28:38.804715 : completed : Albania
2020-01-07 16:29:09.529994 : completed : Algeria
2020-01-07 16:29:21.119340 : completed : American Samoa
2020-01-07 16:29:37.953678 : completed : Angola
2020-01-07 16:29:51.455535 : completed : Antigua and Barbuda
2020-01-07 16:30:22.777804 : completed : Argentina
2020-01-07 16:30:42.506606 : completed : Armenia
2020-01-07 16:31:15.609023 : completed : Australia
2020-01-07 16:31:43.426294 : completed : Austria
2020-01-07 16:32:11.235699 : completed : Azerbaijan
2020-01-07 16:32:25.409682 : completed : Bahamas
2020-01-07 16:32:38.572154 : completed : Bahrain
2020-01-07 16:33:04.018070 : completed : Bangladesh
2020-01-07 16:33:17.990796 : completed : Barbados
2020-01-07 16:33:37.429186 : completed : Belarus
2020-01-07 16:34:00.358715 : completed : Belgium
2020-01-07 16:34:21.976131 : completed : Belgium-Luxembourg
2020-01-07 16:34:40.762340 : completed : Belize
2020-01-07 16:35:00.449410 : completed : Benin
2020-01-07 16:35:07.860541 : completed : Bermuda
2020-01-07 16:35:28.508194 : completed : Bhutan
2020-01-07 16:35:59.083777 : completed : Bolivia (Plurinational State of)
2020-01-07 16:36:23.824049 : completed : Bosnia and Herzegovina
2020-01-07 16:36:35.588071 : completed : Botswana
2020-01-07 16:37:06.721510 : completed : Brazil
2020-01-07 16:37:11.676018 : completed : British Virgin Islands
2020-01-07 16:37:26.170712 : completed : Brunei Darussalam
2020-01-07 16:38:02.545823 : completed : Bulgaria
2020-01-07 16:38:21.914950 : completed : Burkina Faso
2020-01-07 16:38:38.063250 : completed : Burundi
2020-01-07 16:38:52.391965 : completed : Cabo Verde
2020-01-07 16:39:09.900216 : completed : Cambodia
2020-01-07 16:39:38.808088 : completed : Cameroon
2020-01-07 16:40:04.877171 : completed : Canada
2020-01-07 16:40:11.737261 : completed : Cayman Islands
2020-01-07 16:40:29.550072 : completed : Central African Republic
2020-01-07 16:40:45.723517 : completed : Chad
2020-01-07 16:41:14.809022 : completed : Chile
2020-01-07 16:42:01.159893 : completed : China
2020-01-07 16:42:11.858657 : completed : China, Hong Kong SAR
2020-01-07 16:42:16.647005 : completed : China, Macao SAR
2020-01-07 16:43:01.170591 : completed : China, mainland
2020-01-07 16:43:31.541051 : completed : China, Taiwan Province of
2020-01-07 16:44:00.142577 : completed : Colombia
2020-01-07 16:44:12.538294 : completed : Comoros
2020-01-07 16:44:31.959969 : completed : Congo
2020-01-07 16:44:43.110564 : completed : Cook Islands
2020-01-07 16:45:07.511702 : completed : Costa Rica
2020-01-07 16:45:32.500178 : completed : Côte d'Ivoire
2020-01-07 16:46:00.212310 : completed : Croatia
2020-01-07 16:46:20.421028 : completed : Cuba
2020-01-07 16:46:49.919034 : completed : Cyprus
2020-01-07 16:47:16.868867 : completed : Czechia
2020-01-07 16:47:42.990887 : completed : Czechoslovakia
2020-01-07 16:47:59.893616 : completed : Democratic People's Republic of Korea
2020-01-07 16:48:22.607370 : completed : Democratic Republic of the Congo
2020-01-07 16:48:43.294752 : completed : Denmark
2020-01-07 16:48:55.576016 : completed : Djibouti
2020-01-07 16:49:11.706547 : completed : Dominica
2020-01-07 16:49:33.099379 : completed : Dominican Republic
2020-01-07 16:50:04.255831 : completed : Ecuador
2020-01-07 16:50:35.811352 : completed : Egypt
2020-01-07 16:50:55.501670 : completed : El Salvador
2020-01-07 16:51:03.593626 : completed : Equatorial Guinea
2020-01-07 16:51:16.723265 : completed : Eritrea
2020-01-07 16:51:35.145596 : completed : Estonia
2020-01-07 16:51:51.421596 : completed : Eswatini
2020-01-07 16:52:21.345295 : completed : Ethiopia
2020-01-07 16:52:46.248419 : completed : Ethiopia PDR
2020-01-07 16:52:50.111009 : completed : Falkland Islands (Malvinas)
2020-01-07 16:52:53.440054 : completed : Faroe Islands
2020-01-07 16:53:09.927174 : completed : Fiji
2020-01-07 16:53:26.467913 : completed : Finland
2020-01-07 16:53:59.536631 : completed : France
2020-01-07 16:54:14.125211 : completed : French Guiana
2020-01-07 16:54:29.078131 : completed : French Polynesia
2020-01-07 16:54:42.575321 : completed : Gabon
2020-01-07 16:54:54.425695 : completed : Gambia
2020-01-07 16:55:16.984342 : completed : Georgia
2020-01-07 16:55:43.833812 : completed : Germany
2020-01-07 16:56:04.421263 : completed : Ghana
2020-01-07 16:56:40.597516 : completed : Greece
2020-01-07 16:56:43.873207 : completed : Greenland
2020-01-07 16:57:02.296660 : completed : Grenada
2020-01-07 16:57:22.065418 : completed : Guadeloupe
2020-01-07 16:57:34.175495 : completed : Guam
2020-01-07 16:57:58.537469 : completed : Guatemala
2020-01-07 16:58:16.091665 : completed : Guinea
2020-01-07 16:58:31.503714 : completed : Guinea-Bissau
2020-01-07 16:58:51.167874 : completed : Guyana
2020-01-07 16:59:13.231250 : completed : Haiti
2020-01-07 16:59:34.652039 : completed : Honduras
2020-01-07 17:00:07.225817 : completed : Hungary
2020-01-07 17:00:15.289735 : completed : Iceland
2020-01-07 17:00:48.152951 : completed : India
2020-01-07 17:01:15.270635 : completed : Indonesia
2020-01-07 17:01:48.940002 : completed : Iran (Islamic Republic of)
2020-01-07 17:02:14.176012 : completed : Iraq
2020-01-07 17:02:30.917335 : completed : Ireland
2020-01-07 17:02:59.894716 : completed : Israel
2020-01-07 17:03:34.670280 : completed : Italy
2020-01-07 17:03:56.050914 : completed : Jamaica
2020-01-07 17:04:26.167563 : completed : Japan
2020-01-07 17:04:53.281002 : completed : Jordan
2020-01-07 17:05:19.519283 : completed : Kazakhstan
2020-01-07 17:05:51.371431 : completed : Kenya
2020-01-07 17:05:57.073174 : completed : Kiribati
2020-01-07 17:06:12.500115 : completed : Kuwait
2020-01-07 17:06:39.826321 : completed : Kyrgyzstan
2020-01-07 17:06:55.232645 : completed : Lao People's Democratic Republic
2020-01-07 17:07:14.761402 : completed : Latvia
2020-01-07 17:07:39.663252 : completed : Lebanon
2020-01-07 17:07:48.395832 : completed : Lesotho
2020-01-07 17:08:01.716280 : completed : Liberia
2020-01-07 17:08:21.463751 : completed : Libya
2020-01-07 17:08:24.861478 : completed : Liechtenstein
2020-01-07 17:08:50.533534 : completed : Lithuania
2020-01-07 17:09:08.566076 : completed : Luxembourg
2020-01-07 17:09:39.145562 : completed : Madagascar
2020-01-07 17:09:58.908595 : completed : Malawi
2020-01-07 17:10:20.946089 : completed : Malaysia
2020-01-07 17:10:30.730311 : completed : Maldives
2020-01-07 17:10:57.241095 : completed : Mali
2020-01-07 17:11:17.006133 : completed : Malta
2020-01-07 17:11:19.355514 : completed : Marshall Islands
2020-01-07 17:11:34.776439 : completed : Martinique
2020-01-07 17:11:47.481539 : completed : Mauritania
2020-01-07 17:12:05.273534 : completed : Mauritius
2020-01-07 17:12:45.324190 : completed : Mexico
2020-01-07 17:12:53.212346 : completed : Micronesia (Federated States of)
2020-01-07 17:13:05.959958 : completed : Mongolia
2020-01-07 17:13:22.752424 : completed : Montenegro
2020-01-07 17:13:33.059598 : completed : Montserrat
2020-01-07 17:14:10.399037 : completed : Morocco
2020-01-07 17:14:28.502808 : completed : Mozambique
2020-01-07 17:14:49.596962 : completed : Myanmar
2020-01-07 17:15:02.938943 : completed : Namibia
2020-01-07 17:15:07.199148 : completed : Nauru
2020-01-07 17:15:29.901563 : completed : Nepal
2020-01-07 17:15:51.035040 : completed : Netherlands
2020-01-07 17:15:55.030520 : completed : Netherlands Antilles (former)
2020-01-07 17:16:06.168665 : completed : New Caledonia
2020-01-07 17:16:32.002207 : completed : New Zealand
2020-01-07 17:16:48.086314 : completed : Nicaragua
2020-01-07 17:17:08.317123 : completed : Niger
2020-01-07 17:17:28.235040 : completed : Nigeria
2020-01-07 17:17:36.513252 : completed : Niue
2020-01-07 17:17:52.730032 : completed : Norway
2020-01-07 17:18:17.729401 : completed : Occupied Palestinian Territory
2020-01-07 17:18:31.556527 : completed : Oman
2020-01-07 17:18:40.354453 : completed : Pacific Islands Trust Territory
2020-01-07 17:19:08.195938 : completed : Pakistan
2020-01-07 17:19:23.920677 : completed : Panama
2020-01-07 17:19:40.939607 : completed : Papua New Guinea
2020-01-07 17:20:02.741999 : completed : Paraguay
2020-01-07 17:20:36.803981 : completed : Peru
2020-01-07 17:21:04.574885 : completed : Philippines
2020-01-07 17:21:30.482481 : completed : Poland
2020-01-07 17:22:00.650101 : completed : Portugal
2020-01-07 17:22:17.036836 : completed : Puerto Rico
2020-01-07 17:22:29.986636 : completed : Qatar
2020-01-07 17:22:55.031172 : completed : Republic of Korea
2020-01-07 17:23:17.440285 : completed : Republic of Moldova
2020-01-07 17:23:38.379674 : completed : Réunion
2020-01-07 17:24:06.588893 : completed : Romania
2020-01-07 17:24:32.953747 : completed : Russian Federation
2020-01-07 17:24:52.220138 : completed : Rwanda
2020-01-07 17:24:54.299726 : completed : Saint Helena, Ascension and Tristan da Cunha
2020-01-07 17:25:04.759137 : completed : Saint Kitts and Nevis
2020-01-07 17:25:19.547978 : completed : Saint Lucia
2020-01-07 17:25:25.104854 : completed : Saint Pierre and Miquelon
2020-01-07 17:25:39.012482 : completed : Saint Vincent and the Grenadines
2020-01-07 17:25:50.034004 : completed : Samoa
2020-01-07 17:25:59.750952 : completed : Sao Tome and Principe
2020-01-07 17:26:14.061294 : completed : Saudi Arabia
2020-01-07 17:26:33.281526 : completed : Senegal
2020-01-07 17:26:54.518279 : completed : Serbia
2020-01-07 17:27:37.280358 : completed : Serbia and Montenegro
2020-01-07 17:30:09.031448 : completed : Seychelles
2020-01-07 18:06:50.716155 : completed : Sierra Leone
2020-01-07 18:07:02.859092 : completed : Singapore
2020-01-07 18:07:30.628192 : completed : Slovakia
2020-01-07 18:09:43.276646 : completed : Slovenia
2020-01-07 18:09:55.428257 : completed : Solomon Islands
2020-01-07 18:10:10.315197 : completed : Somalia
2020-01-07 18:10:40.045933 : completed : South Africa
2020-01-07 18:10:52.609518 : completed : South Sudan
2020-01-07 18:11:32.459356 : completed : Spain
2020-01-07 18:11:53.524779 : completed : Sri Lanka
2020-01-07 18:12:13.032005 : completed : Sudan
2020-01-07 18:12:36.374623 : completed : Sudan (former)
2020-01-07 18:12:51.830346 : completed : Suriname
2020-01-07 18:13:10.415728 : completed : Sweden
2020-01-07 18:13:35.123405 : completed : Switzerland
2020-01-07 18:14:04.958963 : completed : Syrian Arab Republic
2020-01-07 18:14:24.111486 : completed : Tajikistan
2020-01-07 18:14:51.677169 : completed : Thailand
2020-01-07 18:15:18.188827 : completed : The former Yugoslav Republic of Macedonia
2020-01-07 18:15:32.882203 : completed : Timor-Leste
2020-01-07 18:17:19.159564 : completed : Togo
2020-01-07 18:17:24.420145 : completed : Tokelau
2020-01-07 18:17:35.756514 : completed : Tonga
2020-01-07 18:17:54.011788 : completed : Trinidad and Tobago
2020-01-07 18:18:24.109049 : completed : Tunisia
2020-01-07 18:19:01.578960 : completed : Turkey
2020-01-07 18:19:15.532264 : completed : Turkmenistan
2020-01-07 18:19:20.775862 : completed : Tuvalu
2020-01-07 18:19:37.120423 : completed : Uganda
2020-01-07 18:20:06.356952 : completed : Ukraine
2020-01-07 18:20:19.490648 : completed : United Arab Emirates
2020-01-07 18:20:37.929142 : completed : United Kingdom
2020-01-07 18:21:02.563167 : completed : United Republic of Tanzania
2020-01-07 18:21:33.517259 : completed : United States of America
2020-01-07 18:21:38.502915 : completed : United States Virgin Islands
2020-01-07 18:21:58.067112 : completed : Uruguay
2020-01-07 18:22:28.577107 : completed : USSR
2020-01-07 18:22:59.380273 : completed : Uzbekistan
2020-01-07 18:23:08.435583 : completed : Vanuatu
2020-01-07 18:23:32.263280 : completed : Venezuela (Bolivarian Republic of)
2020-01-07 18:23:51.981702 : completed : Viet Nam
2020-01-07 18:24:02.199995 : completed : Wallis and Futuna Islands
2020-01-07 18:24:06.333263 : completed : Western Sahara
2020-01-07 18:24:28.697583 : completed : Yemen
2020-01-07 18:24:55.460833 : completed : Yugoslav SFR
2020-01-07 18:25:09.262657 : completed : Zambia
2020-01-07 18:25:36.427279 : completed : Zimbabwe
2020-01-09 18:33:35.900703 : completed : Afghanistan
[8335302.860744 8475132.216204 8536206.341088 9116917.816196
 9507388.486284003 9765265.774184 10661837.694032002 11117114.796612
 11316794.395160003 10313011.851268003 9617006.3673 10273323.641491998
 11166404.519296002 11598995.417492002 11967816.872244002 12739564.891528
 11419173.208364 12229972.063684002 12033343.270051999 11947596.735108001
 11890451.702576 11711592.201248001 11436626.369159998 11017690.175067998
 10280134.65794 9390828.104016 9681234.851592 9566055.420200001
 9492582.207672002 10193328.236652002 11116018.650571 10750429.591274
 11449182.20113 12165385.721376 12756081.025389003 13485519.066229999
 14443549.083242001 15279531.293289999 15120265.722299999 12707390.6919
 11471041.271534998 14148645.302294997 14507602.467875998
 14162185.664322998 15890637.065426 14648166.374691997 16197779.432122001
 14966759.561327001 17448467.073622003 17216110.427771997
 16403170.554278001 18111846.669729 17786472.775063 18466976.208161
 17780389.868835006 18629706.561763998]
2020-01-09 18:34:01.695602 : completed : Albania
[1535182.1723320002 1611814.667914 1580073.61073 1746502.127025
 1680620.446532 1917631.6382380005 2013490.7624340001 2026506.0849910004
 2065839.8733009999 2127345.9979040003 2203420.635645 2260899.5159299998
 2427087.21369 2481521.36152 2527475.20792 2768753.5098400004 2891414.1164
 3024067.0837200005 3121274.706542 3042086.5595 3175032.4763599997
 3280700.765828 3519878.898712 3299152.4255200005 3267660.018892
 3286251.2923799995 3383838.888868 3200936.864035 3600255.6696119998
 3531249.459228 2942077.9057720006 3279886.3110269997 3697011.0864
 4037720.1864260007 4378667.870209 4397480.707018 4146903.545146
 4318722.502489001 4254771.63056 4475315.571949 4599614.281667001
 4621124.446163 4861687.152624 5070879.997684999 5006286.396238
 5213347.271190001 5240991.936465001 5463915.980208 5675310.144227
 6040745.055659999 6350689.6068750005 6683660.598883 6773995.415354
 6857667.889206 7035368.2586819995 7273519.894087999]
2020-01-09 18:34:28.894709 : completed : Algeria
[10125939.170068998 10560872.025092 10559543.234517999 9468119.128674
 10915887.51796 7403656.052680001 8137641.678771001 10437865.990267
 9673860.674156 9999495.356517 10398323.006468998 9438181.189137
 9039583.294992 9709241.853636997 10625107.616061004 9992677.384464
 8391286.681819998 8417865.604019 9437528.922628 10278140.001588996
 10472182.762799002 9624023.767846001 10115635.906056 10904062.740866998
 13369158.715592 13512833.133446999 13559951.909977 12942695.198527
 14361620.253092 13871137.869706998 17361071.694828004 18625603.745381
 18017212.042944998 16478452.318656001 18589756.924528 21883122.625990003
 17823309.519595 20061888.831609998 21233324.661843 19945505.241363
 21443961.61677 22389074.390071 26111253.938213 28593421.539160002
 29832619.991308004 32148538.610159 28787511.062916 30308546.093405996
 36837028.696187995 39362764.420448 43427129.067972995 45596072.711631
 49907712.939162 43029941.914528996 45387225.72719601 45580705.166237]
2020-01-09 18:34:40.329797 : completed : American Samoa
[12855.233416000001 12874.907000000001 14325.551452 14943.532014999997
 15523.738091 15722.633081 14733.477132 14537.915479999998 15389.347575
 14735.064143000001 13495.280564 13379.036649000001 13215.045840000002
 12729.429588 12515.326604000002 12234.212033 12009.120124000001
 11191.328548 9828.75858 11155.807972 10570.417918000001 10520.744248
 10270.161869000003 9880.147688000001 9637.524296000001 9834.679964
 9238.7756 9213.662784 9187.721644 9912.154659999998 9307.266695
 9812.045963 10677.073547 11325.201460000002 11834.597892 12649.517707
 13127.371207999997 16431.75335 13602.176594999999 14957.511092
 16847.609604999998 17649.1877 19481.752336 18826.004724 19260.290821
 19578.331217 19914.617620999998 20263.162226 20731.133987 21109.972686
 20784.588296 20121.794992 21548.918977 21455.186296 22056.944307000005
 22193.0489]
2020-01-09 18:34:56.805622 : completed : Angola
[3934333.3773160004 4148289.945651 4095619.1183 4382436.046631
 4532436.713831 4688758.353192001 4812701.579668 4734466.333648
 5063098.1812579995 5214818.995813998 5321384.930634 5138420.667359
 5290049.65101 5323629.206478001 4837432.378055999 4235249.350496
 4093296.009464 4029785.2450520005 3832381.562132 3871341.7873959998
 3699825.661592 3758719.734592 3798768.479588 3844309.1514919996
 3887984.347395999 4038250.2932559997 4073529.532188 4082387.7700359994
 4068186.1857999996 4059373.965616 4234135.55004 4501333.492242
 4468099.3477179995 4976121.437249 4853865.192519999 5201738.163749
 5183436.976914001 5993078.93665 5742976.048788001 6680521.589679001
 7602735.943462 8614334.693284001 9271455.419712001 10081081.651325
 10950839.580225002 11193421.155101 12609660.119053997 13452020.098071
 16915240.664779 17912418.038385 19586672.566951 16381286.350929998
 22049863.792951 18859527.715537 19303103.123988 20538571.034195]
2020-01-09 18:35:09.848290 : completed : Antigua and Barbuda
[51602.520324 51705.217767 63365.13972400001 64950.665107 44327.166876
 36160.936898 30788.10160199999 24921.365277999997 30657.319433
 31624.381068000006 50054.3187 28404.876432999994 27328.661975
 26411.438024 26246.765336 26734.236774999994 27908.45219
 32342.665783999997 34944.506187 39084.993233 40158.210380000004
 38630.516359 37519.674144000004 37039.134833 42978.559542
 43342.90028000001 44336.78561200001 45559.70955300001 38498.872088000004
 40557.455366 46008.684542999996 43343.91427 46002.93412800001
 46017.541158 43074.70206200001 42893.86155 43020.699327 42594.050513
 45718.313545000005 45888.443349 46796.308098999994 45580.91119400001
 48910.064235 49786.43270800001 44329.455533 45701.66439800001
 44876.281795 46073.571272 44748.521592000005 33656.893226
 38829.280960000004 36684.859224 36467.562181 36892.136004
 32918.09224300001 32611.097476000003]
2020-01-09 18:35:40.803827 : completed : Argentina
[72652869.718496 76332902.32498398 83337497.66847599 77647252.26717198
 74356882.220883 81786662.359028 89025113.235224 84290702.42175199
 90865270.88909599 89737573.33978398 84155680.810656 83271229.95843603
 86774577.13611501 92854108.08288498 94894955.925712 103600153.354285
 103665642.05068 111003525.033084 111202382.11946 102487058.71197999
 110235543.949644 112638588.21717699 109504729.95038798 112583655.19636
 113810942.35044801 115570525.848216 110905447.98319198 113685009.930592
 105141726.07894401 116382770.521868 119837689.65320797 120293783.95041698
 120003738.73258999 126921629.611953 135242707.94768196 131046295.87939401
 141136476.50450003 150620324.63208902 153324243.960148 153795219.34039003
 154565326.48607796 152446772.844741 158322050.80765298 162471392.81569394
 184435333.525749 181887865.49256298 199432355.68405506 201434961.75149393
 169837635.24127 195453108.99699798 206144290.61160395 189381712.765588
 207125974.45459 216030362.562167 227498796.162841 228315749.51874602]
2020-01-09 18:36:00.967190 : completed : Armenia
[0.0 0.0 0.0 0.0 0.0 0.0 0.0 0.0 0.0 0.0 0.0 0.0 0.0 0.0 0.0 0.0 0.0 0.0
 0.0 0.0 0.0 0.0 0.0 0.0 0.0 0.0 0.0 0.0 0.0 0.0 0.0 3356519.690055
 2962788.9842140004 3327837.15294 3311042.67954 3415664.267374
 2940579.198002 3207297.5482820002 3269723.8135720002 3333268.090012
 3329463.609885 3345488.5023030005 3605799.2584579997 4185396.418281001
 5486939.629018 5566803.442438001 5771925.339189 6099806.971538001
 6142765.161698001 4857070.892134001 5735119.9999319995 6446519.034194999
 6749505.072519 6736404.576754999 7107243.6502789995 6462735.2764719995]
2020-01-09 18:36:35.122020 : completed : Australia
[47468508.370538 53430190.307764 55511831.611141 59060708.887539
 57109762.745675 61893679.070856 57201979.042411 64978705.186366014
 62654811.71110199 65873362.97939701 68452185.29369998 69688239.64572601
 73088447.48348399 66955989.768912 72776714.768899 76718498.23150398
 75461284.79895101 85621490.29621498 82816269.394125 73927185.05682902
 78635365.307175 72864563.77544999 85153121.45096101 81754059.94064501
 82112390.927663 84511613.03497702 83740431.842858 87687897.007886
 87167242.634098 91692162.06723599 90745906.50064099 97169395.57025401
 99803038.49539399 93309201.482129 103466910.20824902 112644537.259247
 114531865.98083499 119879910.503627 127136746.797135 125166608.224321
 127623667.244435 128965798.267151 105986183.966147 124051961.73912199
 124082212.999591 127785790.37724699 107573750.998496 112307258.29970701
 119593578.26223299 118706268.435644 127442184.510567 135571813.925124
 134197940.31626199 133569941.83327496 133987122.71865803
 129579282.48274504]